# JRE version: OpenJDK Runtime Environment (11.0.12+7) (build 11.0.12+7-b1504.28-7817840)
# Java VM: OpenJDK 64-Bit Server VM (11.0.12+7-b1504.28-7817840, mixed mode, tiered, compressed oops, g1 gc, windows-amd64)
Heap:
 garbage-first heap   total 126976K, used 63074K [0x0000000080000000, 0x0000000100000000)
  region size 1024K, 29 young (29696K), 1 survivors (1024K)
 Metaspace       used 34693K, capacity 35707K, committed 35840K, reserved 1081344K
  class space    used 4639K, capacity 4961K, committed 4992K, reserved 1048576K
GC Heap History (10 events):
Event: 0.569 GC heap before
{Heap before GC invocations=0 (full 0):
 garbage-first heap   total 126976K, used 29696K [0x0000000080000000, 0x0000000100000000)
  region size 1024K, 24 young (24576K), 0 survivors (0K)
 Metaspace       used 10162K, capacity 10403K, committed 10624K, reserved 1058816K
  class space    used 1063K, capacity 1106K, committed 1152K, reserved 1048576K
}
Event: 0.574 GC heap after
{Heap after GC invocations=1 (full 0):
 garbage-first heap   total 126976K, used 9845K [0x0000000080000000, 0x0000000100000000)
  region size 1024K, 3 young (3072K), 3 survivors (3072K)
 Metaspace       used 10162K, capacity 10403K, committed 10624K, reserved 1058816K
  class space    used 1063K, capacity 1106K, committed 1152K, reserved 1048576K
}
Event: 2.700 GC heap before
{Heap before GC invocations=1 (full 0):
 garbage-first heap   total 126976K, used 83573K [0x0000000080000000, 0x0000000100000000)
  region size 1024K, 74 young (75776K), 3 survivors (3072K)
 Metaspace       used 17873K, capacity 18322K, committed 18432K, reserved 1064960K
  class space    used 2110K, capacity 2228K, committed 2304K, reserved 1048576K
}
Event: 2.706 GC heap after
{Heap after GC invocations=2 (full 0):
 garbage-first heap   total 126976K, used 15891K [0x0000000080000000, 0x0000000100000000)
  region size 1024K, 9 young (9216K), 9 survivors (9216K)
 Metaspace       used 17873K, capacity 18322K, committed 18432K, reserved 1064960K
  class space    used 2110K, capacity 2228K, committed 2304K, reserved 1048576K
}
Event: 2.935 GC heap before
{Heap before GC invocations=2 (full 0):
 garbage-first heap   total 126976K, used 43539K [0x0000000080000000, 0x0000000100000000)
  region size 1024K, 37 young (37888K), 9 survivors (9216K)
 Metaspace       used 20620K, capacity 21099K, committed 21248K, reserved 1067008K
  class space    used 2537K, capacity 2728K, committed 2816K, reserved 1048576K
}
Event: 2.941 GC heap after
{Heap after GC invocations=3 (full 0):
 garbage-first heap   total 126976K, used 17053K [0x0000000080000000, 0x0000000100000000)
  region size 1024K, 2 young (2048K), 2 survivors (2048K)
 Metaspace       used 20620K, capacity 21099K, committed 21248K, reserved 1067008K
  class space    used 2537K, capacity 2728K, committed 2816K, reserved 1048576K
}
Event: 3.364 GC heap before
{Heap before GC invocations=4 (full 0):
 garbage-first heap   total 126976K, used 67229K [0x0000000080000000, 0x0000000100000000)
  region size 1024K, 51 young (52224K), 2 survivors (2048K)
 Metaspace       used 25803K, capacity 26386K, committed 26624K, reserved 1073152K
  class space    used 3324K, capacity 3538K, committed 3584K, reserved 1048576K
}
Event: 3.367 GC heap after
{Heap after GC invocations=5 (full 0):
 garbage-first heap   total 126976K, used 18688K [0x0000000080000000, 0x0000000100000000)
  region size 1024K, 3 young (3072K), 3 survivors (3072K)
 Metaspace       used 25803K, capacity 26386K, committed 26624K, reserved 1073152K
  class space    used 3324K, capacity 3538K, committed 3584K, reserved 1048576K
}
Event: 3.951 GC heap before
{Heap before GC invocations=5 (full 0):
 garbage-first heap   total 126976K, used 86272K [0x0000000080000000, 0x0000000100000000)
  region size 1024K, 59 young (60416K), 3 survivors (3072K)
 Metaspace       used 30749K, capacity 31651K, committed 31872K, reserved 1077248K
  class space    used 4105K, capacity 4398K, committed 4480K, reserved 1048576K
}
Event: 3.954 GC heap after
{Heap after GC invocations=6 (full 0):
 garbage-first heap   total 126976K, used 34673K [0x0000000080000000, 0x0000000100000000)
  region size 1024K, 8 young (8192K), 8 survivors (8192K)
 Metaspace       used 30749K, capacity 31651K, committed 31872K, reserved 1077248K
  class space    used 4105K, capacity 4398K, committed 4480K, reserved 1048576K
}

