# JRE version: OpenJDK Runtime Environment (11.0.12+7) (build 11.0.12+7-b1504.28-7817840)
# Java VM: OpenJDK 64-Bit Server VM (11.0.12+7-b1504.28-7817840, mixed mode, tiered, compressed oops, g1 gc, windows-amd64)
Heap:
 garbage-first heap   total 126976K, used 94371K [0x0000000080000000, 0x0000000100000000)
  region size 1024K, 42 young (43008K), 5 survivors (5120K)
 Metaspace       used 50715K, capacity 52297K, committed 52480K, reserved 1095680K
  class space    used 6569K, capacity 7150K, committed 7168K, reserved 1048576K
GC Heap History (18 events):
Event: 0.583 GC heap before
{Heap before GC invocations=0 (full 0):
 garbage-first heap   total 126976K, used 29696K [0x0000000080000000, 0x0000000100000000)
  region size 1024K, 24 young (24576K), 0 survivors (0K)
 Metaspace       used 10178K, capacity 10403K, committed 10624K, reserved 1058816K
  class space    used 1064K, capacity 1106K, committed 1152K, reserved 1048576K
}
Event: 0.589 GC heap after
{Heap after GC invocations=1 (full 0):
 garbage-first heap   total 126976K, used 9652K [0x0000000080000000, 0x0000000100000000)
  region size 1024K, 3 young (3072K), 3 survivors (3072K)
 Metaspace       used 10178K, capacity 10403K, committed 10624K, reserved 1058816K
  class space    used 1064K, capacity 1106K, committed 1152K, reserved 1048576K
}
Event: 2.787 GC heap before
{Heap before GC invocations=1 (full 0):
 garbage-first heap   total 126976K, used 82356K [0x0000000080000000, 0x0000000100000000)
  region size 1024K, 74 young (75776K), 3 survivors (3072K)
 Metaspace       used 17882K, capacity 18322K, committed 18432K, reserved 1064960K
  class space    used 2110K, capacity 2228K, committed 2304K, reserved 1048576K
}
Event: 2.795 GC heap after
{Heap after GC invocations=2 (full 0):
 garbage-first heap   total 126976K, used 16256K [0x0000000080000000, 0x0000000100000000)
  region size 1024K, 10 young (10240K), 10 survivors (10240K)
 Metaspace       used 17882K, capacity 18322K, committed 18432K, reserved 1064960K
  class space    used 2110K, capacity 2228K, committed 2304K, reserved 1048576K
}
Event: 3.111 GC heap before
{Heap before GC invocations=2 (full 0):
 garbage-first heap   total 126976K, used 43904K [0x0000000080000000, 0x0000000100000000)
  region size 1024K, 38 young (38912K), 10 survivors (10240K)
 Metaspace       used 20574K, capacity 21067K, committed 21248K, reserved 1067008K
  class space    used 2536K, capacity 2696K, committed 2816K, reserved 1048576K
}
Event: 3.117 GC heap after
{Heap after GC invocations=3 (full 0):
 garbage-first heap   total 126976K, used 17365K [0x0000000080000000, 0x0000000100000000)
  region size 1024K, 2 young (2048K), 2 survivors (2048K)
 Metaspace       used 20574K, capacity 21067K, committed 21248K, reserved 1067008K
  class space    used 2536K, capacity 2696K, committed 2816K, reserved 1048576K
}
Event: 3.670 GC heap before
{Heap before GC invocations=4 (full 0):
 garbage-first heap   total 126976K, used 75733K [0x0000000080000000, 0x0000000100000000)
  region size 1024K, 59 young (60416K), 2 survivors (2048K)
 Metaspace       used 27212K, capacity 27865K, committed 27904K, reserved 1073152K
  class space    used 3554K, capacity 3802K, committed 3840K, reserved 1048576K
}
Event: 3.673 GC heap after
{Heap after GC invocations=5 (full 0):
 garbage-first heap   total 126976K, used 19464K [0x0000000080000000, 0x0000000100000000)
  region size 1024K, 4 young (4096K), 4 survivors (4096K)
 Metaspace       used 27212K, capacity 27865K, committed 27904K, reserved 1073152K
  class space    used 3554K, capacity 3802K, committed 3840K, reserved 1048576K
}
Event: 4.237 GC heap before
{Heap before GC invocations=5 (full 0):
 garbage-first heap   total 126976K, used 93192K [0x0000000080000000, 0x0000000100000000)
  region size 1024K, 67 young (68608K), 4 survivors (4096K)
 Metaspace       used 32307K, capacity 33200K, committed 33408K, reserved 1077248K
  class space    used 4359K, capacity 4680K, committed 4736K, reserved 1048576K
}
Event: 4.241 GC heap after
{Heap after GC invocations=6 (full 0):
 garbage-first heap   total 126976K, used 34638K [0x0000000080000000, 0x0000000100000000)
  region size 1024K, 9 young (9216K), 9 survivors (9216K)
 Metaspace       used 32307K, capacity 33200K, committed 33408K, reserved 1077248K
  class space    used 4359K, capacity 4680K, committed 4736K, reserved 1048576K
}
Event: 4.441 GC heap before
{Heap before GC invocations=6 (full 0):
 garbage-first heap   total 126976K, used 46926K [0x0000000080000000, 0x0000000100000000)
  region size 1024K, 22 young (22528K), 9 survivors (9216K)
 Metaspace       used 34852K, capacity 35801K, committed 35840K, reserved 1081344K
  class space    used 4649K, capacity 4992K, committed 4992K, reserved 1048576K
}
Event: 4.449 GC heap after
{Heap after GC invocations=7 (full 0):
 garbage-first heap   total 126976K, used 36186K [0x0000000080000000, 0x0000000100000000)
  region size 1024K, 2 young (2048K), 2 survivors (2048K)
 Metaspace       used 34852K, capacity 35801K, committed 35840K, reserved 1081344K
  class space    used 4649K, capacity 4992K, committed 4992K, reserved 1048576K
}
Event: 5.280 GC heap before
{Heap before GC invocations=8 (full 0):
 garbage-first heap   total 126976K, used 96602K [0x0000000080000000, 0x0000000100000000)
  region size 1024K, 59 young (60416K), 2 survivors (2048K)
 Metaspace       used 41757K, capacity 42776K, committed 42880K, reserved 1087488K
  class space    used 5351K, capacity 5736K, committed 5760K, reserved 1048576K
}
Event: 5.287 GC heap after
{Heap after GC invocations=9 (full 0):
 garbage-first heap   total 126976K, used 41066K [0x0000000080000000, 0x0000000100000000)
  region size 1024K, 7 young (7168K), 7 survivors (7168K)
 Metaspace       used 41757K, capacity 42776K, committed 42880K, reserved 1087488K
  class space    used 5351K, capacity 5736K, committed 5760K, reserved 1048576K
}
Event: 6.042 GC heap before
{Heap before GC invocations=9 (full 0):
 garbage-first heap   total 126976K, used 101482K [0x0000000080000000, 0x0000000100000000)
  region size 1024K, 61 young (62464K), 7 survivors (7168K)
 Metaspace       used 45923K, capacity 47136K, committed 47360K, reserved 1089536K
  class space    used 5829K, capacity 6328K, committed 6400K, reserved 1048576K
}
Event: 6.048 GC heap after
{Heap after GC invocations=10 (full 0):
 garbage-first heap   total 126976K, used 49367K [0x0000000080000000, 0x0000000100000000)
  region size 1024K, 5 young (5120K), 5 survivors (5120K)
 Metaspace       used 45923K, capacity 47136K, committed 47360K, reserved 1089536K
  class space    used 5829K, capacity 6328K, committed 6400K, reserved 1048576K
}
Event: 6.409 GC heap before
{Heap before GC invocations=10 (full 0):
 garbage-first heap   total 126976K, used 102615K [0x0000000080000000, 0x0000000100000000)
  region size 1024K, 53 young (54272K), 5 survivors (5120K)
 Metaspace       used 48231K, capacity 49615K, committed 49792K, reserved 1091584K
  class space    used 6215K, capacity 6728K, committed 6784K, reserved 1048576K
}
Event: 6.413 GC heap after
{Heap after GC invocations=11 (full 0):
 garbage-first heap   total 126976K, used 57507K [0x0000000080000000, 0x0000000100000000)
  region size 1024K, 5 young (5120K), 5 survivors (5120K)
 Metaspace       used 48231K, capacity 49615K, committed 49792K, reserved 1091584K
  class space    used 6215K, capacity 6728K, committed 6784K, reserved 1048576K
}

