# JRE version: OpenJDK Runtime Environment (11.0.12+7) (build 11.0.12+7-b1504.28-7817840)
# Java VM: OpenJDK 64-Bit Server VM (11.0.12+7-b1504.28-7817840, mixed mode, tiered, compressed oops, g1 gc, windows-amd64)
Heap:
 garbage-first heap   total 152576K, used 76409K [0x0000000080000000, 0x0000000100000000)
  region size 1024K, 4 young (4096K), 4 survivors (4096K)
 Metaspace       used 65363K, capacity 67289K, committed 67532K, reserved 1107968K
  class space    used 8449K, capacity 9132K, committed 9164K, reserved 1048576K
GC Heap History (20 events):
Event: 5.518 GC heap after
{Heap after GC invocations=9 (full 0):
 garbage-first heap   total 126976K, used 40474K [0x0000000080000000, 0x0000000100000000)
  region size 1024K, 6 young (6144K), 6 survivors (6144K)
 Metaspace       used 40940K, capacity 42007K, committed 42316K, reserved 1085440K
  class space    used 5205K, capacity 5588K, committed 5708K, reserved 1048576K
}
Event: 6.040 GC heap before
{Heap before GC invocations=9 (full 0):
 garbage-first heap   total 126976K, used 90650K [0x0000000080000000, 0x0000000100000000)
  region size 1024K, 51 young (52224K), 6 survivors (6144K)
 Metaspace       used 44358K, capacity 45492K, committed 45644K, reserved 1089536K
  class space    used 5714K, capacity 6144K, committed 6220K, reserved 1048576K
}
Event: 6.045 GC heap after
{Heap after GC invocations=10 (full 0):
 garbage-first heap   total 126976K, used 47719K [0x0000000080000000, 0x0000000100000000)
  region size 1024K, 4 young (4096K), 4 survivors (4096K)
 Metaspace       used 44358K, capacity 45492K, committed 45644K, reserved 1089536K
  class space    used 5714K, capacity 6144K, committed 6220K, reserved 1048576K
}
Event: 6.408 GC heap before
{Heap before GC invocations=10 (full 0):
 garbage-first heap   total 126976K, used 91751K [0x0000000080000000, 0x0000000100000000)
  region size 1024K, 47 young (48128K), 4 survivors (4096K)
 Metaspace       used 46700K, capacity 47907K, committed 48204K, reserved 1091584K
  class space    used 5929K, capacity 6350K, committed 6476K, reserved 1048576K
}
Event: 6.412 GC heap after
{Heap after GC invocations=11 (full 0):
 garbage-first heap   total 126976K, used 51157K [0x0000000080000000, 0x0000000100000000)
  region size 1024K, 4 young (4096K), 4 survivors (4096K)
 Metaspace       used 46700K, capacity 47907K, committed 48204K, reserved 1091584K
  class space    used 5929K, capacity 6350K, committed 6476K, reserved 1048576K
}
Event: 6.838 GC heap before
{Heap before GC invocations=11 (full 0):
 garbage-first heap   total 126976K, used 98261K [0x0000000080000000, 0x0000000100000000)
  region size 1024K, 46 young (47104K), 4 survivors (4096K)
 Metaspace       used 49699K, capacity 51236K, committed 51404K, reserved 1093632K
  class space    used 6441K, capacity 6993K, committed 7116K, reserved 1048576K
}
Event: 6.843 GC heap after
{Heap after GC invocations=12 (full 0):
 garbage-first heap   total 126976K, used 58358K [0x0000000080000000, 0x0000000100000000)
  region size 1024K, 4 young (4096K), 4 survivors (4096K)
 Metaspace       used 49699K, capacity 51236K, committed 51404K, reserved 1093632K
  class space    used 6441K, capacity 6993K, committed 7116K, reserved 1048576K
}
Event: 7.536 GC heap before
{Heap before GC invocations=12 (full 0):
 garbage-first heap   total 126976K, used 98294K [0x0000000080000000, 0x0000000100000000)
  region size 1024K, 43 young (44032K), 4 survivors (4096K)
 Metaspace       used 51551K, capacity 53098K, committed 53324K, reserved 1095680K
  class space    used 6641K, capacity 7202K, committed 7244K, reserved 1048576K
}
Event: 7.540 GC heap after
{Heap after GC invocations=13 (full 0):
 garbage-first heap   total 126976K, used 60302K [0x0000000080000000, 0x0000000100000000)
  region size 1024K, 6 young (6144K), 6 survivors (6144K)
 Metaspace       used 51551K, capacity 53098K, committed 53324K, reserved 1095680K
  class space    used 6641K, capacity 7202K, committed 7244K, reserved 1048576K
}
Event: 7.789 GC heap before
{Heap before GC invocations=13 (full 0):
 garbage-first heap   total 126976K, used 75662K [0x0000000080000000, 0x0000000100000000)
  region size 1024K, 21 young (21504K), 6 survivors (6144K)
 Metaspace       used 51830K, capacity 53428K, committed 53708K, reserved 1095680K
  class space    used 6677K, capacity 7243K, committed 7372K, reserved 1048576K
}
Event: 7.798 GC heap after
{Heap after GC invocations=14 (full 0):
 garbage-first heap   total 126976K, used 66992K [0x0000000080000000, 0x0000000100000000)
  region size 1024K, 6 young (6144K), 6 survivors (6144K)
 Metaspace       used 51830K, capacity 53428K, committed 53708K, reserved 1095680K
  class space    used 6677K, capacity 7243K, committed 7372K, reserved 1048576K
}
Event: 8.133 GC heap before
{Heap before GC invocations=15 (full 0):
 garbage-first heap   total 126976K, used 101808K [0x0000000080000000, 0x0000000100000000)
  region size 1024K, 39 young (39936K), 6 survivors (6144K)
 Metaspace       used 54711K, capacity 56283K, committed 56524K, reserved 1097728K
  class space    used 7156K, capacity 7748K, committed 7884K, reserved 1048576K
}
Event: 8.138 GC heap after
{Heap after GC invocations=16 (full 0):
 garbage-first heap   total 126976K, used 72963K [0x0000000080000000, 0x0000000100000000)
  region size 1024K, 4 young (4096K), 4 survivors (4096K)
 Metaspace       used 54711K, capacity 56283K, committed 56524K, reserved 1097728K
  class space    used 7156K, capacity 7748K, committed 7884K, reserved 1048576K
}
Event: 8.261 GC heap before
{Heap before GC invocations=16 (full 0):
 garbage-first heap   total 126976K, used 102659K [0x0000000080000000, 0x0000000100000000)
  region size 1024K, 33 young (33792K), 4 survivors (4096K)
 Metaspace       used 54800K, capacity 56411K, committed 56780K, reserved 1097728K
  class space    used 7156K, capacity 7748K, committed 7884K, reserved 1048576K
}
Event: 8.270 GC heap after
{Heap after GC invocations=17 (full 0):
 garbage-first heap   total 126976K, used 73814K [0x0000000080000000, 0x0000000100000000)
  region size 1024K, 2 young (2048K), 2 survivors (2048K)
 Metaspace       used 54800K, capacity 56411K, committed 56780K, reserved 1097728K
  class space    used 7156K, capacity 7748K, committed 7884K, reserved 1048576K
}
Event: 8.602 GC heap before
{Heap before GC invocations=18 (full 0):
 garbage-first heap   total 126976K, used 104534K [0x0000000080000000, 0x0000000100000000)
  region size 1024K, 32 young (32768K), 2 survivors (2048K)
 Metaspace       used 57242K, capacity 58954K, committed 59084K, reserved 1099776K
  class space    used 7429K, capacity 8062K, committed 8140K, reserved 1048576K
}
Event: 8.604 GC heap after
{Heap after GC invocations=19 (full 0):
 garbage-first heap   total 126976K, used 74520K [0x0000000080000000, 0x0000000100000000)
  region size 1024K, 3 young (3072K), 3 survivors (3072K)
 Metaspace       used 57242K, capacity 58954K, committed 59084K, reserved 1099776K
  class space    used 7429K, capacity 8062K, committed 8140K, reserved 1048576K
}
Event: 8.975 GC heap before
{Heap before GC invocations=19 (full 0):
 garbage-first heap   total 126976K, used 105240K [0x0000000080000000, 0x0000000100000000)
  region size 1024K, 33 young (33792K), 3 survivors (3072K)
 Metaspace       used 61283K, capacity 63040K, committed 63180K, reserved 1103872K
  class space    used 7924K, capacity 8593K, committed 8652K, reserved 1048576K
}
Event: 8.980 GC heap after
{Heap after GC invocations=20 (full 0):
 garbage-first heap   total 126976K, used 75424K [0x0000000080000000, 0x0000000100000000)
  region size 1024K, 4 young (4096K), 4 survivors (4096K)
 Metaspace       used 61283K, capacity 63040K, committed 63180K, reserved 1103872K
  class space    used 7924K, capacity 8593K, committed 8652K, reserved 1048576K
}
Event: 9.403 GC heap before
{Heap before GC invocations=21 (full 0):
 garbage-first heap   total 126976K, used 106144K [0x0000000080000000, 0x0000000100000000)
  region size 1024K, 34 young (34816K), 4 survivors (4096K)
 Metaspace       used 65363K, capacity 67289K, committed 67532K, reserved 1107968K
  class space    used 8449K, capacity 9132K, committed 9164K, reserved 1048576K
}

