# JRE version: OpenJDK Runtime Environment (11.0.12+7) (build 11.0.12+7-b1504.28-7817840)
# Java VM: OpenJDK 64-Bit Server VM (11.0.12+7-b1504.28-7817840, mixed mode, tiered, compressed oops, g1 gc, windows-amd64)
Heap:
 garbage-first heap   total 126976K, used 85851K [0x0000000080000000, 0x0000000100000000)
  region size 1024K, 21 young (21504K), 5 survivors (5120K)
 Metaspace       used 53161K, capacity 54746K, committed 54860K, reserved 1097728K
  class space    used 6875K, capacity 7470K, committed 7500K, reserved 1048576K
GC Heap History (20 events):
Event: 3.309 GC heap before
{Heap before GC invocations=4 (full 0):
 garbage-first heap   total 126976K, used 66076K [0x0000000080000000, 0x0000000100000000)
  region size 1024K, 50 young (51200K), 2 survivors (2048K)
 Metaspace       used 25743K, capacity 26384K, committed 26624K, reserved 1073152K
  class space    used 3313K, capacity 3537K, committed 3584K, reserved 1048576K
}
Event: 3.312 GC heap after
{Heap after GC invocations=5 (full 0):
 garbage-first heap   total 126976K, used 19587K [0x0000000080000000, 0x0000000100000000)
  region size 1024K, 3 young (3072K), 3 survivors (3072K)
 Metaspace       used 25743K, capacity 26384K, committed 26624K, reserved 1073152K
  class space    used 3313K, capacity 3537K, committed 3584K, reserved 1048576K
}
Event: 3.817 GC heap before
{Heap before GC invocations=5 (full 0):
 garbage-first heap   total 126976K, used 85123K [0x0000000080000000, 0x0000000100000000)
  region size 1024K, 57 young (58368K), 3 survivors (3072K)
 Metaspace       used 30630K, capacity 31514K, committed 31616K, reserved 1077248K
  class space    used 4080K, capacity 4395K, committed 4480K, reserved 1048576K
}
Event: 3.820 GC heap after
{Heap after GC invocations=6 (full 0):
 garbage-first heap   total 126976K, used 35305K [0x0000000080000000, 0x0000000100000000)
  region size 1024K, 8 young (8192K), 8 survivors (8192K)
 Metaspace       used 30630K, capacity 31514K, committed 31616K, reserved 1077248K
  class space    used 4080K, capacity 4395K, committed 4480K, reserved 1048576K
}
Event: 4.133 GC heap before
{Heap before GC invocations=6 (full 0):
 garbage-first heap   total 126976K, used 65001K [0x0000000080000000, 0x0000000100000000)
  region size 1024K, 38 young (38912K), 8 survivors (8192K)
 Metaspace       used 34818K, capacity 35797K, committed 35840K, reserved 1081344K
  class space    used 4646K, capacity 4991K, committed 4992K, reserved 1048576K
}
Event: 4.144 GC heap after
{Heap after GC invocations=7 (full 0):
 garbage-first heap   total 126976K, used 36977K [0x0000000080000000, 0x0000000100000000)
  region size 1024K, 2 young (2048K), 2 survivors (2048K)
 Metaspace       used 34818K, capacity 35797K, committed 35840K, reserved 1081344K
  class space    used 4646K, capacity 4991K, committed 4992K, reserved 1048576K
}
Event: 4.594 GC heap before
{Heap before GC invocations=8 (full 0):
 garbage-first heap   total 126976K, used 84081K [0x0000000080000000, 0x0000000100000000)
  region size 1024K, 46 young (47104K), 2 survivors (2048K)
 Metaspace       used 40796K, capacity 41845K, committed 41932K, reserved 1085440K
  class space    used 5192K, capacity 5577K, committed 5580K, reserved 1048576K
}
Event: 4.598 GC heap after
{Heap after GC invocations=9 (full 0):
 garbage-first heap   total 126976K, used 41012K [0x0000000080000000, 0x0000000100000000)
  region size 1024K, 6 young (6144K), 6 survivors (6144K)
 Metaspace       used 40796K, capacity 41845K, committed 41932K, reserved 1085440K
  class space    used 5192K, capacity 5577K, committed 5580K, reserved 1048576K
}
Event: 5.036 GC heap before
{Heap before GC invocations=9 (full 0):
 garbage-first heap   total 126976K, used 90164K [0x0000000080000000, 0x0000000100000000)
  region size 1024K, 50 young (51200K), 6 survivors (6144K)
 Metaspace       used 44269K, capacity 45395K, committed 45644K, reserved 1089536K
  class space    used 5704K, capacity 6134K, committed 6220K, reserved 1048576K
}
Event: 5.041 GC heap after
{Heap after GC invocations=10 (full 0):
 garbage-first heap   total 126976K, used 48057K [0x0000000080000000, 0x0000000100000000)
  region size 1024K, 4 young (4096K), 4 survivors (4096K)
 Metaspace       used 44269K, capacity 45395K, committed 45644K, reserved 1089536K
  class space    used 5704K, capacity 6134K, committed 6220K, reserved 1048576K
}
Event: 5.373 GC heap before
{Heap before GC invocations=10 (full 0):
 garbage-first heap   total 126976K, used 91065K [0x0000000080000000, 0x0000000100000000)
  region size 1024K, 46 young (47104K), 4 survivors (4096K)
 Metaspace       used 46629K, capacity 47801K, committed 47948K, reserved 1091584K
  class space    used 5923K, capacity 6376K, committed 6476K, reserved 1048576K
}
Event: 5.378 GC heap after
{Heap after GC invocations=11 (full 0):
 garbage-first heap   total 126976K, used 51803K [0x0000000080000000, 0x0000000100000000)
  region size 1024K, 4 young (4096K), 4 survivors (4096K)
 Metaspace       used 46629K, capacity 47801K, committed 47948K, reserved 1091584K
  class space    used 5923K, capacity 6376K, committed 6476K, reserved 1048576K
}
Event: 5.750 GC heap before
{Heap before GC invocations=11 (full 0):
 garbage-first heap   total 126976K, used 98907K [0x0000000080000000, 0x0000000100000000)
  region size 1024K, 46 young (47104K), 4 survivors (4096K)
 Metaspace       used 49465K, capacity 50941K, committed 51020K, reserved 1093632K
  class space    used 6405K, capacity 6957K, committed 6988K, reserved 1048576K
}
Event: 5.755 GC heap after
{Heap after GC invocations=12 (full 0):
 garbage-first heap   total 126976K, used 58805K [0x0000000080000000, 0x0000000100000000)
  region size 1024K, 4 young (4096K), 4 survivors (4096K)
 Metaspace       used 49465K, capacity 50941K, committed 51020K, reserved 1093632K
  class space    used 6405K, capacity 6957K, committed 6988K, reserved 1048576K
}
Event: 6.119 GC heap before
{Heap before GC invocations=12 (full 0):
 garbage-first heap   total 126976K, used 96693K [0x0000000080000000, 0x0000000100000000)
  region size 1024K, 42 young (43008K), 4 survivors (4096K)
 Metaspace       used 51354K, capacity 52942K, committed 53068K, reserved 1095680K
  class space    used 6638K, capacity 7193K, committed 7244K, reserved 1048576K
}
Event: 6.123 GC heap after
{Heap after GC invocations=13 (full 0):
 garbage-first heap   total 126976K, used 60775K [0x0000000080000000, 0x0000000100000000)
  region size 1024K, 5 young (5120K), 5 survivors (5120K)
 Metaspace       used 51354K, capacity 52942K, committed 53068K, reserved 1095680K
  class space    used 6638K, capacity 7193K, committed 7244K, reserved 1048576K
}
Event: 6.274 GC heap before
{Heap before GC invocations=13 (full 0):
 garbage-first heap   total 126976K, used 74087K [0x0000000080000000, 0x0000000100000000)
  region size 1024K, 19 young (19456K), 5 survivors (5120K)
 Metaspace       used 51710K, capacity 53271K, committed 53324K, reserved 1095680K
  class space    used 6674K, capacity 7234K, committed 7244K, reserved 1048576K
}
Event: 6.283 GC heap after
{Heap after GC invocations=14 (full 0):
 garbage-first heap   total 126976K, used 64152K [0x0000000080000000, 0x0000000100000000)
  region size 1024K, 5 young (5120K), 5 survivors (5120K)
 Metaspace       used 51710K, capacity 53271K, committed 53324K, reserved 1095680K
  class space    used 6674K, capacity 7234K, committed 7244K, reserved 1048576K
}
Event: 6.351 GC heap before
{Heap before GC invocations=15 (full 0):
 garbage-first heap   total 126976K, used 70296K [0x0000000080000000, 0x0000000100000000)
  region size 1024K, 11 young (11264K), 5 survivors (5120K)
 Metaspace       used 51710K, capacity 53259K, committed 53324K, reserved 1095680K
  class space    used 6672K, capacity 7230K, committed 7244K, reserved 1048576K
}
Event: 6.356 GC heap after
{Heap after GC invocations=16 (full 0):
 garbage-first heap   total 126976K, used 68443K [0x0000000080000000, 0x0000000100000000)
  region size 1024K, 5 young (5120K), 5 survivors (5120K)
 Metaspace       used 51710K, capacity 53259K, committed 53324K, reserved 1095680K
  class space    used 6672K, capacity 7230K, committed 7244K, reserved 1048576K
}

