# JRE version: OpenJDK Runtime Environment (11.0.12+7) (build 11.0.12+7-b1504.28-7817840)
# Java VM: OpenJDK 64-Bit Server VM (11.0.12+7-b1504.28-7817840, mixed mode, tiered, compressed oops, g1 gc, windows-amd64)
Heap:
 garbage-first heap   total 126976K, used 76286K [0x0000000080000000, 0x0000000100000000)
  region size 1024K, 8 young (8192K), 4 survivors (4096K)
 Metaspace       used 59912K, capacity 61722K, committed 62028K, reserved 1103872K
  class space    used 7715K, capacity 8383K, committed 8524K, reserved 1048576K
GC Heap History (20 events):
Event: 4.237 GC heap before
{Heap before GC invocations=5 (full 0):
 garbage-first heap   total 126976K, used 94613K [0x0000000080000000, 0x0000000100000000)
  region size 1024K, 68 young (69632K), 4 survivors (4096K)
 Metaspace       used 32559K, capacity 33500K, committed 33664K, reserved 1079296K
  class space    used 4405K, capacity 4716K, committed 4736K, reserved 1048576K
}
Event: 4.241 GC heap after
{Heap after GC invocations=6 (full 0):
 garbage-first heap   total 126976K, used 35343K [0x0000000080000000, 0x0000000100000000)
  region size 1024K, 9 young (9216K), 9 survivors (9216K)
 Metaspace       used 32559K, capacity 33500K, committed 33664K, reserved 1079296K
  class space    used 4405K, capacity 4716K, committed 4736K, reserved 1048576K
}
Event: 4.423 GC heap before
{Heap before GC invocations=6 (full 0):
 garbage-first heap   total 126976K, used 46607K [0x0000000080000000, 0x0000000100000000)
  region size 1024K, 21 young (21504K), 9 survivors (9216K)
 Metaspace       used 34816K, capacity 35797K, committed 35840K, reserved 1081344K
  class space    used 4651K, capacity 4991K, committed 4992K, reserved 1048576K
}
Event: 4.430 GC heap after
{Heap after GC invocations=7 (full 0):
 garbage-first heap   total 126976K, used 36890K [0x0000000080000000, 0x0000000100000000)
  region size 1024K, 2 young (2048K), 2 survivors (2048K)
 Metaspace       used 34816K, capacity 35797K, committed 35840K, reserved 1081344K
  class space    used 4651K, capacity 4991K, committed 4992K, reserved 1048576K
}
Event: 4.913 GC heap before
{Heap before GC invocations=8 (full 0):
 garbage-first heap   total 126976K, used 93210K [0x0000000080000000, 0x0000000100000000)
  region size 1024K, 54 young (55296K), 2 survivors (2048K)
 Metaspace       used 41434K, capacity 42461K, committed 42572K, reserved 1085440K
  class space    used 5301K, capacity 5694K, committed 5708K, reserved 1048576K
}
Event: 4.917 GC heap after
{Heap after GC invocations=9 (full 0):
 garbage-first heap   total 126976K, used 41919K [0x0000000080000000, 0x0000000100000000)
  region size 1024K, 7 young (7168K), 7 survivors (7168K)
 Metaspace       used 41434K, capacity 42461K, committed 42572K, reserved 1085440K
  class space    used 5301K, capacity 5694K, committed 5708K, reserved 1048576K
}
Event: 5.382 GC heap before
{Heap before GC invocations=9 (full 0):
 garbage-first heap   total 126976K, used 96191K [0x0000000080000000, 0x0000000100000000)
  region size 1024K, 56 young (57344K), 7 survivors (7168K)
 Metaspace       used 45309K, capacity 46597K, committed 46796K, reserved 1089536K
  class space    used 5756K, capacity 6255K, committed 6348K, reserved 1048576K
}
Event: 5.387 GC heap after
{Heap after GC invocations=10 (full 0):
 garbage-first heap   total 126976K, used 48816K [0x0000000080000000, 0x0000000100000000)
  region size 1024K, 4 young (4096K), 4 survivors (4096K)
 Metaspace       used 45309K, capacity 46597K, committed 46796K, reserved 1089536K
  class space    used 5756K, capacity 6255K, committed 6348K, reserved 1048576K
}
Event: 5.760 GC heap before
{Heap before GC invocations=10 (full 0):
 garbage-first heap   total 126976K, used 101040K [0x0000000080000000, 0x0000000100000000)
  region size 1024K, 51 young (52224K), 4 survivors (4096K)
 Metaspace       used 47471K, capacity 48829K, committed 48844K, reserved 1091584K
  class space    used 6089K, capacity 6593K, committed 6604K, reserved 1048576K
}
Event: 5.764 GC heap after
{Heap after GC invocations=11 (full 0):
 garbage-first heap   total 126976K, used 57171K [0x0000000080000000, 0x0000000100000000)
  region size 1024K, 7 young (7168K), 7 survivors (7168K)
 Metaspace       used 47471K, capacity 48829K, committed 48844K, reserved 1091584K
  class space    used 6089K, capacity 6593K, committed 6604K, reserved 1048576K
}
Event: 6.173 GC heap before
{Heap before GC invocations=11 (full 0):
 garbage-first heap   total 126976K, used 100179K [0x0000000080000000, 0x0000000100000000)
  region size 1024K, 49 young (50176K), 7 survivors (7168K)
 Metaspace       used 50494K, capacity 52048K, committed 52172K, reserved 1093632K
  class space    used 6563K, capacity 7111K, committed 7116K, reserved 1048576K
}
Event: 6.178 GC heap after
{Heap after GC invocations=12 (full 0):
 garbage-first heap   total 126976K, used 59736K [0x0000000080000000, 0x0000000100000000)
  region size 1024K, 3 young (3072K), 3 survivors (3072K)
 Metaspace       used 50494K, capacity 52048K, committed 52172K, reserved 1093632K
  class space    used 6563K, capacity 7111K, committed 7116K, reserved 1048576K
}
Event: 6.560 GC heap before
{Heap before GC invocations=12 (full 0):
 garbage-first heap   total 126976K, used 90456K [0x0000000080000000, 0x0000000100000000)
  region size 1024K, 35 young (35840K), 3 survivors (3072K)
 Metaspace       used 51443K, capacity 53117K, committed 53324K, reserved 1095680K
  class space    used 6642K, capacity 7223K, committed 7244K, reserved 1048576K
}
Event: 6.566 GC heap after
{Heap after GC invocations=13 (full 0):
 garbage-first heap   total 126976K, used 61599K [0x0000000080000000, 0x0000000100000000)
  region size 1024K, 5 young (5120K), 5 survivors (5120K)
 Metaspace       used 51443K, capacity 53117K, committed 53324K, reserved 1095680K
  class space    used 6642K, capacity 7223K, committed 7244K, reserved 1048576K
}
Event: 6.635 GC heap before
{Heap before GC invocations=14 (full 0):
 garbage-first heap   total 126976K, used 68767K [0x0000000080000000, 0x0000000100000000)
  region size 1024K, 12 young (12288K), 5 survivors (5120K)
 Metaspace       used 51443K, capacity 53105K, committed 53324K, reserved 1095680K
  class space    used 6640K, capacity 7219K, committed 7244K, reserved 1048576K
}
Event: 6.641 GC heap after
{Heap after GC invocations=15 (full 0):
 garbage-first heap   total 126976K, used 67909K [0x0000000080000000, 0x0000000100000000)
  region size 1024K, 6 young (6144K), 6 survivors (6144K)
 Metaspace       used 51443K, capacity 53105K, committed 53324K, reserved 1095680K
  class space    used 6640K, capacity 7219K, committed 7244K, reserved 1048576K
}
Event: 6.958 GC heap before
{Heap before GC invocations=16 (full 0):
 garbage-first heap   total 126976K, used 103749K [0x0000000080000000, 0x0000000100000000)
  region size 1024K, 39 young (39936K), 6 survivors (6144K)
 Metaspace       used 55315K, capacity 57105K, committed 57292K, reserved 1099776K
  class space    used 7135K, capacity 7765K, committed 7884K, reserved 1048576K
}
Event: 6.961 GC heap after
{Heap after GC invocations=17 (full 0):
 garbage-first heap   total 126976K, used 72371K [0x0000000080000000, 0x0000000100000000)
  region size 1024K, 3 young (3072K), 3 survivors (3072K)
 Metaspace       used 55315K, capacity 57105K, committed 57292K, reserved 1099776K
  class space    used 7135K, capacity 7765K, committed 7884K, reserved 1048576K
}
Event: 7.312 GC heap before
{Heap before GC invocations=17 (full 0):
 garbage-first heap   total 126976K, used 103091K [0x0000000080000000, 0x0000000100000000)
  region size 1024K, 33 young (33792K), 3 survivors (3072K)
 Metaspace       used 59675K, capacity 61484K, committed 61644K, reserved 1101824K
  class space    used 7672K, capacity 8324K, committed 8396K, reserved 1048576K
}
Event: 7.318 GC heap after
{Heap after GC invocations=18 (full 0):
 garbage-first heap   total 126976K, used 73214K [0x0000000080000000, 0x0000000100000000)
  region size 1024K, 4 young (4096K), 4 survivors (4096K)
 Metaspace       used 59675K, capacity 61484K, committed 61644K, reserved 1101824K
  class space    used 7672K, capacity 8324K, committed 8396K, reserved 1048576K
}

